


ARM Macro Assembler    Page 1 


    1 00000000                 AREA             PROGRAM,CODE,READONLY
    2 00000000         
    3 00000000                 ENTRY
    4 00000000 E28F0028        ADR              R0,array
    5 00000004 E3A01004        MOV              R1,#0X04
    6 00000008 E5902000        LDR              R2,[R0]
    7 0000000C E3A04003        MOV              R4,#0X03
    8 00000010 E3310000 
                       LOOP    TEQ              R1,#0X00
    9 00000014 15B13004        LDRNE            R3,[R1,#4]!
   10 00000018 11530002        CMPNE            R3,R2
   11 0000001C CA000000        BGT              SUB
   12 00000020 E1A02003        MOV              R2,R3
   13 00000024         
   14 00000024 12411001 
                       SUB     SUBNE            R1,R1,#0X01
   15 00000028 1AFFFFF8        BNE              LOOP
   16 0000002C         
   17 0000002C EAFFFFFE 
                       STOP    B                STOP
   18 00000030 0000000A 
              00000014 
              00000028 
              0000001E array   DCD              10,20,40,30
   19 00000040         
   20 00000040         END
                       
Command Line: --debug --xref --apcs=interwork -oMAX_EL.o -IE:\Keil\ARM\INC -IE:
\Keil\ARM\INC\Philips --predefine="__EVAL SETA 1" --list=.\MAX_EL.lst Pgms\MAX_
EL.asm



ARM Macro Assembler    Page 1 Alphabetic symbol ordering
Relocatable symbols

END 00000040

Symbol: END
   Definitions
      At line 20 in file Pgms\MAX_EL.asm
   Uses
      None
Comment: END unused
LOOP 00000010

Symbol: LOOP
   Definitions
      At line 8 in file Pgms\MAX_EL.asm
   Uses
      At line 15 in file Pgms\MAX_EL.asm
Comment: LOOP used once
PROGRAM 00000000

Symbol: PROGRAM
   Definitions
      At line 1 in file Pgms\MAX_EL.asm
   Uses
      None
Comment: PROGRAM unused
STOP 0000002C

Symbol: STOP
   Definitions
      At line 17 in file Pgms\MAX_EL.asm
   Uses
      At line 17 in file Pgms\MAX_EL.asm
Comment: STOP used once
SUB 00000024

Symbol: SUB
   Definitions
      At line 14 in file Pgms\MAX_EL.asm
   Uses
      At line 11 in file Pgms\MAX_EL.asm
Comment: SUB used once
array 00000030

Symbol: array
   Definitions
      At line 18 in file Pgms\MAX_EL.asm
   Uses
      At line 4 in file Pgms\MAX_EL.asm
Comment: array used once
6 symbols
326 symbols in table
