


ARM Macro Assembler    Page 1 


    1 00000000                 AREA             PROGRAM,CODE,READONLY
    2 00000000         
    3 00000000                 ENTRY
    4 00000000         
    5 00000000 E3A0C111        MOV              R12,#0X40000004
    6 00000004 E1A0000C        MOV              R0,R12
    7 00000008 E1A0700C        MOV              R7,R12
    8 0000000C E3A08004        MOV              R8,#0X04
    9 00000010 E5901000        LDR              R1,[R0]
   10 00000014 E5902000        LDR              R2,[R0]
   11 00000018         
   12 00000018 E1A0B007 
                       LOOP1   MOV              R11,R7
   13 0000001C E1A05008        MOV              R5,R8
   14 00000020 E5B03004 
                       LOOP2   LDR              R3,[R0,#4]!
   15 00000024 E1A0A000        MOV              R10,R0
   16 00000028 E1530002        CMP              R3,R2
   17 0000002C D1A04002        MOVLE            R4,R2
   18 00000030 D1A02003        MOVLE            R2,R3
   19 00000034 D1A03004        MOVLE            R3,R4
   20 00000038 D58A3000        STRLE            R3,[R10]
   21 0000003C D58B2000        STRLE            R2,[R11]
   22 00000040 E2455001        SUB              R5,R5,#0X01
   23 00000044 E3550000        CMP              R5,#0X00
   24 00000048 CAFFFFF4        BGT              LOOP2
   25 0000004C         
   26 0000004C E5B72004        LDR              R2,[R7,#4]!
   27 00000050 E1A00007        MOV              R0,R7
   28 00000054 E2488001        SUB              R8,R8,#0X01
   29 00000058 E3580000        CMP              R8,#0X00
   30 0000005C CAFFFFED        BGT              LOOP1
   31 00000060         
   32 00000060         
   33 00000060         
   34 00000060                 END
Command Line: --debug --xref --apcs=interwork -opsort.o -ID:\Keil\ARM\INC -ID:\
Keil\ARM\INC\Philips --predefine="__EVAL SETA 1" --list=.\psort.lst Pgms\psort.
asm



ARM Macro Assembler    Page 1 Alphabetic symbol ordering
Relocatable symbols

LOOP1 00000018

Symbol: LOOP1
   Definitions
      At line 12 in file Pgms\psort.asm
   Uses
      At line 30 in file Pgms\psort.asm
Comment: LOOP1 used once
LOOP2 00000020

Symbol: LOOP2
   Definitions
      At line 14 in file Pgms\psort.asm
   Uses
      At line 24 in file Pgms\psort.asm
Comment: LOOP2 used once
PROGRAM 00000000

Symbol: PROGRAM
   Definitions
      At line 1 in file Pgms\psort.asm
   Uses
      None
Comment: PROGRAM unused
3 symbols
323 symbols in table
