


ARM Macro Assembler    Page 1 


    1 00000000                 AREA             PROGRAM,CODE,READONLY
    2 00000000         
    3 00000000         
    4 00000000                 ENTRY
    5 00000000 E28F0064        ADR              R0,Array
    6 00000004 E28F4060        ADR              R4,Array
    7 00000008 E5901000        LDR              R1,[R0]
    8 0000000C E5902000        LDR              R2,[R0]
    9 00000010 E3A0A003        MOV              R10,#0X03
   10 00000014 E3A03003        MOV              R3,#0X03
   11 00000018         
   12 00000018         UPPER
   13 00000018 E5B05004 
                       LOOP    LDR              R5,[R0,#4]!
   14 0000001C E1550001        CMP              R5,R1
   15 00000020 AA000000        BGE              LESS
   16 00000024 B1A01005        MOVLT            R1,R5
   17 00000028 E2433001 
                       LESS    SUB              R3,R3,#0X01
   18 0000002C E3530000        CMP              R3,#0X0
   19 00000030 CAFFFFF8        BGT              LOOP
   20 00000034 E5841000        STR              R1,[R4]
   21 00000038 E5B41004        LDR              R1,[R4,#4]!
   22 0000003C E1A00004        MOV              R0,R4
   23 00000040 E24AA001        SUB              R10,R10,#0X01
   24 00000044 E1A0300A        MOV              R3,R10
   25 00000048 E35A0000        CMP              R10,#0X00
   26 0000004C 1AFFFFF1        BNE              UPPER
   27 00000050         
   28 00000050 E28F0014        ADR              R0,Array
   29 00000054 E3A01003        MOV              R1,#0X03
   30 00000058 E5902000        LDR              R2,[R0]
   31 0000005C         LOOP2
   32 0000005C E5B02004        LDR              R2,[R0,#4]!
   33 00000060 E2411001        SUB              R1,R1,#0X01
   34 00000064 E3510000        CMP              R1,#0X00
   35 00000068 1AFFFFFB        BNE              LOOP2
   36 0000006C         
   37 0000006C 00000001 
              00000004 
              00000003 
              00000002 Array   DCD              1,4,3,2
   38 0000007C         
   39 0000007C                 END
Command Line: --debug --xref --apcs=interwork -osorting.o -ID:\Keil\ARM\INC -ID
:\Keil\ARM\INC\Philips --predefine="__EVAL SETA 1" --list=.\sorting.lst Pgms\so
rting.asm



ARM Macro Assembler    Page 1 Alphabetic symbol ordering
Relocatable symbols

Array 0000006C

Symbol: Array
   Definitions
      At line 37 in file Pgms\sorting.asm
   Uses
      At line 5 in file Pgms\sorting.asm
      At line 6 in file Pgms\sorting.asm
      At line 28 in file Pgms\sorting.asm

LESS 00000028

Symbol: LESS
   Definitions
      At line 17 in file Pgms\sorting.asm
   Uses
      At line 15 in file Pgms\sorting.asm
Comment: LESS used once
LOOP 00000018

Symbol: LOOP
   Definitions
      At line 13 in file Pgms\sorting.asm
   Uses
      At line 19 in file Pgms\sorting.asm
Comment: LOOP used once
LOOP2 0000005C

Symbol: LOOP2
   Definitions
      At line 31 in file Pgms\sorting.asm
   Uses
      At line 35 in file Pgms\sorting.asm
Comment: LOOP2 used once
PROGRAM 00000000

Symbol: PROGRAM
   Definitions
      At line 1 in file Pgms\sorting.asm
   Uses
      None
Comment: PROGRAM unused
UPPER 00000018

Symbol: UPPER
   Definitions
      At line 12 in file Pgms\sorting.asm
   Uses
      At line 26 in file Pgms\sorting.asm
Comment: UPPER used once
6 symbols
326 symbols in table
